<?xml version="1.0" encoding="UTF-8"?>
<testsuite name="com.trello.qa.TeamCreationTests" tests="2" skipped="0" failures="0" errors="0" timestamp="2019-09-09T15:57:12" hostname="Tel-Ran7-HP" time="91.01">
  <properties/>
  <testcase name="testTeamCreationFromLeftNavMenu" classname="com.trello.qa.TeamCreationTests" time="57.473"/>
  <testcase name="testTeamCreationFromPlusButtonOnHeader" classname="com.trello.qa.TeamCreationTests" time="33.529"/>
  <system-out><![CDATA[2
3
]]></system-out>
  <system-err><![CDATA[Starting ChromeDriver 76.0.3809.68 (420c9498db8ce8fcd190a954d51297672c1515d5-refs/branch-heads/3809@{#864}) on port 21328
Only local connections are allowed.
Please protect ports used by ChromeDriver and related test frameworks to prevent access by malicious code.
[1568044596.108][WARNING]: Timed out connecting to Chrome, retrying...
Sep 09, 2019 6:56:49 PM org.openqa.selenium.remote.ProtocolHandshake createSession
INFO: Detected dialect: W3C
]]></system-err>
</testsuite>
